e:\softwaren\c++\c++_github\dll_tutorial\vc_net_use_dll\debug\vc_net_use_dll.pch
e:\softwaren\c++\c++_github\dll_tutorial\vc_net_use_dll\debug\vc142.pdb
e:\softwaren\c++\c++_github\dll_tutorial\vc_net_use_dll\debug\pch.obj
e:\softwaren\c++\c++_github\dll_tutorial\vc_net_use_dll\debug\form1.obj
e:\softwaren\c++\c++_github\dll_tutorial\vc_net_use_dll\debug\cppclr_winformsprojekt.obj
e:\softwaren\c++\c++_github\dll_tutorial\vc_net_use_dll\debug\assemblyinfo.obj
e:\softwaren\c++\c++_github\dll_tutorial\vc_net_use_dll\debug\.netframework,version=v4.7.2.assemblyattributes.obj
e:\softwaren\c++\c++_github\dll_tutorial\vc_net_use_dll\debug\vc_net_use_dll.exe
e:\softwaren\c++\c++_github\dll_tutorial\vc_net_use_dll\debug\vc_net_use_dll.pdb
e:\softwaren\c++\c++_github\dll_tutorial\vc_net_use_dll\debug\app.res
e:\softwaren\c++\c++_github\dll_tutorial\vc_net_use_dll\debug\vc_net_use_dll.form1.resources
e:\softwaren\c++\c++_github\dll_tutorial\vc_net_use_dll\debug\vc_net_use_dll.exe.metagen
e:\softwaren\c++\c++_github\dll_tutorial\vc_net_use_dll\debug\vc_net_use_dll.tlog\cl.command.1.tlog
e:\softwaren\c++\c++_github\dll_tutorial\vc_net_use_dll\debug\vc_net_use_dll.tlog\cl.read.1.tlog
e:\softwaren\c++\c++_github\dll_tutorial\vc_net_use_dll\debug\vc_net_use_dll.tlog\cl.write.1.tlog
e:\softwaren\c++\c++_github\dll_tutorial\vc_net_use_dll\debug\vc_net_use_dll.tlog\link.command.1.tlog
e:\softwaren\c++\c++_github\dll_tutorial\vc_net_use_dll\debug\vc_net_use_dll.tlog\link.read.1.tlog
e:\softwaren\c++\c++_github\dll_tutorial\vc_net_use_dll\debug\vc_net_use_dll.tlog\link.write.1.tlog
e:\softwaren\c++\c++_github\dll_tutorial\vc_net_use_dll\debug\vc_net_use_dll.tlog\metagen.read.1.tlog
e:\softwaren\c++\c++_github\dll_tutorial\vc_net_use_dll\debug\vc_net_use_dll.tlog\metagen.write.1.tlog
e:\softwaren\c++\c++_github\dll_tutorial\vc_net_use_dll\debug\vc_net_use_dll.tlog\rc.command.1.tlog
e:\softwaren\c++\c++_github\dll_tutorial\vc_net_use_dll\debug\vc_net_use_dll.tlog\rc.read.1.tlog
e:\softwaren\c++\c++_github\dll_tutorial\vc_net_use_dll\debug\vc_net_use_dll.tlog\rc.write.1.tlog
e:\softwaren\c++\c++_github\dll_tutorial\vc_net_use_dll\debug\vc_net_use_dll.tlog\vc_net_use_dll.write.1u.tlog
